<?xml version="1.0" encoding="UTF-8"?>
<testsuite xmlns:xsi="http://www.w3.org/2001/XMLSchema-instance" xsi:noNamespaceSchemaLocation="https://maven.apache.org/surefire/maven-surefire-plugin/xsd/surefire-test-report.xsd" name="com.huntington.cdo.techyouth.rssservice.RssServiceApplicationTests" time="9.41" tests="1" errors="0" skipped="0" failures="0">
  <properties>
    <property name="sun.desktop" value="windows"/>
    <property name="awt.toolkit" value="sun.awt.windows.WToolkit"/>
    <property name="file.encoding.pkg" value="sun.io"/>
    <property name="java.specification.version" value="1.8"/>
    <property name="sun.cpu.isalist" value="amd64"/>
    <property name="sun.jnu.encoding" value="Cp1252"/>
    <property name="java.class.path" value="C:\CdriveDocs\EnvironmentSetup\STS4\CDO\TechYouth\RssService\target\test-classes;C:\CdriveDocs\EnvironmentSetup\STS4\CDO\TechYouth\RssService\target\classes;C:\CdriveDocs\EnvironmentSetup\m2repo\org\springframework\boot\spring-boot-starter-web\2.1.4.RELEASE\spring-boot-starter-web-2.1.4.RELEASE.jar;C:\CdriveDocs\EnvironmentSetup\m2repo\org\springframework\boot\spring-boot-starter\2.1.4.RELEASE\spring-boot-starter-2.1.4.RELEASE.jar;C:\CdriveDocs\EnvironmentSetup\m2repo\org\springframework\boot\spring-boot\2.1.4.RELEASE\spring-boot-2.1.4.RELEASE.jar;C:\CdriveDocs\EnvironmentSetup\m2repo\org\springframework\boot\spring-boot-autoconfigure\2.1.4.RELEASE\spring-boot-autoconfigure-2.1.4.RELEASE.jar;C:\CdriveDocs\EnvironmentSetup\m2repo\org\springframework\boot\spring-boot-starter-logging\2.1.4.RELEASE\spring-boot-starter-logging-2.1.4.RELEASE.jar;C:\CdriveDocs\EnvironmentSetup\m2repo\ch\qos\logback\logback-classic\1.2.3\logback-classic-1.2.3.jar;C:\CdriveDocs\EnvironmentSetup\m2repo\ch\qos\logback\logback-core\1.2.3\logback-core-1.2.3.jar;C:\CdriveDocs\EnvironmentSetup\m2repo\org\apache\logging\log4j\log4j-to-slf4j\2.11.2\log4j-to-slf4j-2.11.2.jar;C:\CdriveDocs\EnvironmentSetup\m2repo\org\apache\logging\log4j\log4j-api\2.11.2\log4j-api-2.11.2.jar;C:\CdriveDocs\EnvironmentSetup\m2repo\org\slf4j\jul-to-slf4j\1.7.26\jul-to-slf4j-1.7.26.jar;C:\CdriveDocs\EnvironmentSetup\m2repo\javax\annotation\javax.annotation-api\1.3.2\javax.annotation-api-1.3.2.jar;C:\CdriveDocs\EnvironmentSetup\m2repo\org\yaml\snakeyaml\1.23\snakeyaml-1.23.jar;C:\CdriveDocs\EnvironmentSetup\m2repo\org\springframework\boot\spring-boot-starter-json\2.1.4.RELEASE\spring-boot-starter-json-2.1.4.RELEASE.jar;C:\CdriveDocs\EnvironmentSetup\m2repo\com\fasterxml\jackson\core\jackson-databind\2.9.8\jackson-databind-2.9.8.jar;C:\CdriveDocs\EnvironmentSetup\m2repo\com\fasterxml\jackson\core\jackson-core\2.9.8\jackson-core-2.9.8.jar;C:\CdriveDocs\EnvironmentSetup\m2repo\com\fasterxml\jackson\datatype\jackson-datatype-jdk8\2.9.8\jackson-datatype-jdk8-2.9.8.jar;C:\CdriveDocs\EnvironmentSetup\m2repo\com\fasterxml\jackson\datatype\jackson-datatype-jsr310\2.9.8\jackson-datatype-jsr310-2.9.8.jar;C:\CdriveDocs\EnvironmentSetup\m2repo\com\fasterxml\jackson\module\jackson-module-parameter-names\2.9.8\jackson-module-parameter-names-2.9.8.jar;C:\CdriveDocs\EnvironmentSetup\m2repo\org\springframework\boot\spring-boot-starter-tomcat\2.1.4.RELEASE\spring-boot-starter-tomcat-2.1.4.RELEASE.jar;C:\CdriveDocs\EnvironmentSetup\m2repo\org\apache\tomcat\embed\tomcat-embed-core\9.0.17\tomcat-embed-core-9.0.17.jar;C:\CdriveDocs\EnvironmentSetup\m2repo\org\apache\tomcat\embed\tomcat-embed-el\9.0.17\tomcat-embed-el-9.0.17.jar;C:\CdriveDocs\EnvironmentSetup\m2repo\org\apache\tomcat\embed\tomcat-embed-websocket\9.0.17\tomcat-embed-websocket-9.0.17.jar;C:\CdriveDocs\EnvironmentSetup\m2repo\org\hibernate\validator\hibernate-validator\6.0.16.Final\hibernate-validator-6.0.16.Final.jar;C:\CdriveDocs\EnvironmentSetup\m2repo\javax\validation\validation-api\2.0.1.Final\validation-api-2.0.1.Final.jar;C:\CdriveDocs\EnvironmentSetup\m2repo\org\jboss\logging\jboss-logging\3.3.2.Final\jboss-logging-3.3.2.Final.jar;C:\CdriveDocs\EnvironmentSetup\m2repo\org\springframework\spring-web\5.1.6.RELEASE\spring-web-5.1.6.RELEASE.jar;C:\CdriveDocs\EnvironmentSetup\m2repo\org\springframework\spring-beans\5.1.6.RELEASE\spring-beans-5.1.6.RELEASE.jar;C:\CdriveDocs\EnvironmentSetup\m2repo\org\springframework\spring-webmvc\5.1.6.RELEASE\spring-webmvc-5.1.6.RELEASE.jar;C:\CdriveDocs\EnvironmentSetup\m2repo\org\springframework\spring-aop\5.1.6.RELEASE\spring-aop-5.1.6.RELEASE.jar;C:\CdriveDocs\EnvironmentSetup\m2repo\org\springframework\spring-context\5.1.6.RELEASE\spring-context-5.1.6.RELEASE.jar;C:\CdriveDocs\EnvironmentSetup\m2repo\org\springframework\spring-expression\5.1.6.RELEASE\spring-expression-5.1.6.RELEASE.jar;C:\CdriveDocs\EnvironmentSetup\m2repo\org\springframework\boot\spring-boot-starter-actuator\2.1.4.RELEASE\spring-boot-starter-actuator-2.1.4.RELEASE.jar;C:\CdriveDocs\EnvironmentSetup\m2repo\org\springframework\boot\spring-boot-actuator-autoconfigure\2.1.4.RELEASE\spring-boot-actuator-autoconfigure-2.1.4.RELEASE.jar;C:\CdriveDocs\EnvironmentSetup\m2repo\org\springframework\boot\spring-boot-actuator\2.1.4.RELEASE\spring-boot-actuator-2.1.4.RELEASE.jar;C:\CdriveDocs\EnvironmentSetup\m2repo\io\micrometer\micrometer-core\1.1.4\micrometer-core-1.1.4.jar;C:\CdriveDocs\EnvironmentSetup\m2repo\org\hdrhistogram\HdrHistogram\2.1.9\HdrHistogram-2.1.9.jar;C:\CdriveDocs\EnvironmentSetup\m2repo\org\latencyutils\LatencyUtils\2.0.3\LatencyUtils-2.0.3.jar;C:\CdriveDocs\EnvironmentSetup\m2repo\io\springfox\springfox-swagger2\2.6.1\springfox-swagger2-2.6.1.jar;C:\CdriveDocs\EnvironmentSetup\m2repo\io\swagger\swagger-annotations\1.5.10\swagger-annotations-1.5.10.jar;C:\CdriveDocs\EnvironmentSetup\m2repo\io\swagger\swagger-models\1.5.10\swagger-models-1.5.10.jar;C:\CdriveDocs\EnvironmentSetup\m2repo\com\fasterxml\jackson\core\jackson-annotations\2.9.0\jackson-annotations-2.9.0.jar;C:\CdriveDocs\EnvironmentSetup\m2repo\io\springfox\springfox-spi\2.6.1\springfox-spi-2.6.1.jar;C:\CdriveDocs\EnvironmentSetup\m2repo\io\springfox\springfox-core\2.6.1\springfox-core-2.6.1.jar;C:\CdriveDocs\EnvironmentSetup\m2repo\io\springfox\springfox-schema\2.6.1\springfox-schema-2.6.1.jar;C:\CdriveDocs\EnvironmentSetup\m2repo\io\springfox\springfox-swagger-common\2.6.1\springfox-swagger-common-2.6.1.jar;C:\CdriveDocs\EnvironmentSetup\m2repo\io\springfox\springfox-spring-web\2.6.1\springfox-spring-web-2.6.1.jar;C:\CdriveDocs\EnvironmentSetup\m2repo\com\google\guava\guava\18.0\guava-18.0.jar;C:\CdriveDocs\EnvironmentSetup\m2repo\com\fasterxml\classmate\1.4.0\classmate-1.4.0.jar;C:\CdriveDocs\EnvironmentSetup\m2repo\org\slf4j\slf4j-api\1.7.26\slf4j-api-1.7.26.jar;C:\CdriveDocs\EnvironmentSetup\m2repo\org\springframework\plugin\spring-plugin-core\1.2.0.RELEASE\spring-plugin-core-1.2.0.RELEASE.jar;C:\CdriveDocs\EnvironmentSetup\m2repo\org\springframework\plugin\spring-plugin-metadata\1.2.0.RELEASE\spring-plugin-metadata-1.2.0.RELEASE.jar;C:\CdriveDocs\EnvironmentSetup\m2repo\org\mapstruct\mapstruct\1.0.0.Final\mapstruct-1.0.0.Final.jar;C:\CdriveDocs\EnvironmentSetup\m2repo\io\springfox\springfox-swagger-ui\2.6.1\springfox-swagger-ui-2.6.1.jar;C:\CdriveDocs\EnvironmentSetup\m2repo\org\springframework\boot\spring-boot-starter-test\2.1.4.RELEASE\spring-boot-starter-test-2.1.4.RELEASE.jar;C:\CdriveDocs\EnvironmentSetup\m2repo\org\springframework\boot\spring-boot-test\2.1.4.RELEASE\spring-boot-test-2.1.4.RELEASE.jar;C:\CdriveDocs\EnvironmentSetup\m2repo\org\springframework\boot\spring-boot-test-autoconfigure\2.1.4.RELEASE\spring-boot-test-autoconfigure-2.1.4.RELEASE.jar;C:\CdriveDocs\EnvironmentSetup\m2repo\junit\junit\4.12\junit-4.12.jar;C:\CdriveDocs\EnvironmentSetup\m2repo\org\assertj\assertj-core\3.11.1\assertj-core-3.11.1.jar;C:\CdriveDocs\EnvironmentSetup\m2repo\org\mockito\mockito-core\2.23.4\mockito-core-2.23.4.jar;C:\CdriveDocs\EnvironmentSetup\m2repo\net\bytebuddy\byte-buddy\1.9.12\byte-buddy-1.9.12.jar;C:\CdriveDocs\EnvironmentSetup\m2repo\net\bytebuddy\byte-buddy-agent\1.9.12\byte-buddy-agent-1.9.12.jar;C:\CdriveDocs\EnvironmentSetup\m2repo\org\objenesis\objenesis\2.6\objenesis-2.6.jar;C:\CdriveDocs\EnvironmentSetup\m2repo\org\hamcrest\hamcrest-core\1.3\hamcrest-core-1.3.jar;C:\CdriveDocs\EnvironmentSetup\m2repo\org\hamcrest\hamcrest-library\1.3\hamcrest-library-1.3.jar;C:\CdriveDocs\EnvironmentSetup\m2repo\org\skyscreamer\jsonassert\1.5.0\jsonassert-1.5.0.jar;C:\CdriveDocs\EnvironmentSetup\m2repo\com\vaadin\external\google\android-json\0.0.20131108.vaadin1\android-json-0.0.20131108.vaadin1.jar;C:\CdriveDocs\EnvironmentSetup\m2repo\org\springframework\spring-core\5.1.6.RELEASE\spring-core-5.1.6.RELEASE.jar;C:\CdriveDocs\EnvironmentSetup\m2repo\org\springframework\spring-jcl\5.1.6.RELEASE\spring-jcl-5.1.6.RELEASE.jar;C:\CdriveDocs\EnvironmentSetup\m2repo\org\springframework\spring-test\5.1.6.RELEASE\spring-test-5.1.6.RELEASE.jar;C:\CdriveDocs\EnvironmentSetup\m2repo\org\xmlunit\xmlunit-core\2.6.2\xmlunit-core-2.6.2.jar;C:\CdriveDocs\EnvironmentSetup\m2repo\com\jayway\jsonpath\json-path\2.4.0\json-path-2.4.0.jar;C:\CdriveDocs\EnvironmentSetup\m2repo\net\minidev\json-smart\2.3\json-smart-2.3.jar;C:\CdriveDocs\EnvironmentSetup\m2repo\net\minidev\accessors-smart\1.2\accessors-smart-1.2.jar;C:\CdriveDocs\EnvironmentSetup\m2repo\org\ow2\asm\asm\5.0.4\asm-5.0.4.jar;C:\CdriveDocs\EnvironmentSetup\m2repo\rome\rome\1.0\rome-1.0.jar;C:\CdriveDocs\EnvironmentSetup\m2repo\jdom\jdom\1.0\jdom-1.0.jar;C:\CdriveDocs\EnvironmentSetup\m2repo\org\apache\httpcomponents\httpclient\4.5.8\httpclient-4.5.8.jar;C:\CdriveDocs\EnvironmentSetup\m2repo\org\apache\httpcomponents\httpcore\4.4.11\httpcore-4.4.11.jar;C:\CdriveDocs\EnvironmentSetup\m2repo\commons-codec\commons-codec\1.11\commons-codec-1.11.jar;C:\CdriveDocs\EnvironmentSetup\m2repo\org\samba\jcifs\jcifs\1.3.14-kohsuke-1\jcifs-1.3.14-kohsuke-1.jar;"/>
    <property name="java.vm.vendor" value="Oracle Corporation"/>
    <property name="sun.arch.data.model" value="64"/>
    <property name="user.variant" value=""/>
    <property name="java.vendor.url" value="http://java.oracle.com/"/>
    <property name="user.timezone" value="America/New_York"/>
    <property name="java.vm.specification.version" value="1.8"/>
    <property name="os.name" value="Windows 10"/>
    <property name="user.country" value="US"/>
    <property name="sun.java.launcher" value="SUN_STANDARD"/>
    <property name="sun.boot.library.path" value="c:\CdriveDocs\jdk\jre\bin"/>
    <property name="sun.java.command" value="C:\Users\H001046\AppData\Local\Temp\surefire4770628203114340406\surefirebooter4105292870566836414.jar C:\Users\H001046\AppData\Local\Temp\surefire4770628203114340406 2019-09-05T15-34-10_631-jvmRun1 surefire4084639282834342638tmp surefire_01539861794560262426tmp"/>
    <property name="surefire.test.class.path" value="C:\CdriveDocs\EnvironmentSetup\STS4\CDO\TechYouth\RssService\target\test-classes;C:\CdriveDocs\EnvironmentSetup\STS4\CDO\TechYouth\RssService\target\classes;C:\CdriveDocs\EnvironmentSetup\m2repo\org\springframework\boot\spring-boot-starter-web\2.1.4.RELEASE\spring-boot-starter-web-2.1.4.RELEASE.jar;C:\CdriveDocs\EnvironmentSetup\m2repo\org\springframework\boot\spring-boot-starter\2.1.4.RELEASE\spring-boot-starter-2.1.4.RELEASE.jar;C:\CdriveDocs\EnvironmentSetup\m2repo\org\springframework\boot\spring-boot\2.1.4.RELEASE\spring-boot-2.1.4.RELEASE.jar;C:\CdriveDocs\EnvironmentSetup\m2repo\org\springframework\boot\spring-boot-autoconfigure\2.1.4.RELEASE\spring-boot-autoconfigure-2.1.4.RELEASE.jar;C:\CdriveDocs\EnvironmentSetup\m2repo\org\springframework\boot\spring-boot-starter-logging\2.1.4.RELEASE\spring-boot-starter-logging-2.1.4.RELEASE.jar;C:\CdriveDocs\EnvironmentSetup\m2repo\ch\qos\logback\logback-classic\1.2.3\logback-classic-1.2.3.jar;C:\CdriveDocs\EnvironmentSetup\m2repo\ch\qos\logback\logback-core\1.2.3\logback-core-1.2.3.jar;C:\CdriveDocs\EnvironmentSetup\m2repo\org\apache\logging\log4j\log4j-to-slf4j\2.11.2\log4j-to-slf4j-2.11.2.jar;C:\CdriveDocs\EnvironmentSetup\m2repo\org\apache\logging\log4j\log4j-api\2.11.2\log4j-api-2.11.2.jar;C:\CdriveDocs\EnvironmentSetup\m2repo\org\slf4j\jul-to-slf4j\1.7.26\jul-to-slf4j-1.7.26.jar;C:\CdriveDocs\EnvironmentSetup\m2repo\javax\annotation\javax.annotation-api\1.3.2\javax.annotation-api-1.3.2.jar;C:\CdriveDocs\EnvironmentSetup\m2repo\org\yaml\snakeyaml\1.23\snakeyaml-1.23.jar;C:\CdriveDocs\EnvironmentSetup\m2repo\org\springframework\boot\spring-boot-starter-json\2.1.4.RELEASE\spring-boot-starter-json-2.1.4.RELEASE.jar;C:\CdriveDocs\EnvironmentSetup\m2repo\com\fasterxml\jackson\core\jackson-databind\2.9.8\jackson-databind-2.9.8.jar;C:\CdriveDocs\EnvironmentSetup\m2repo\com\fasterxml\jackson\core\jackson-core\2.9.8\jackson-core-2.9.8.jar;C:\CdriveDocs\EnvironmentSetup\m2repo\com\fasterxml\jackson\datatype\jackson-datatype-jdk8\2.9.8\jackson-datatype-jdk8-2.9.8.jar;C:\CdriveDocs\EnvironmentSetup\m2repo\com\fasterxml\jackson\datatype\jackson-datatype-jsr310\2.9.8\jackson-datatype-jsr310-2.9.8.jar;C:\CdriveDocs\EnvironmentSetup\m2repo\com\fasterxml\jackson\module\jackson-module-parameter-names\2.9.8\jackson-module-parameter-names-2.9.8.jar;C:\CdriveDocs\EnvironmentSetup\m2repo\org\springframework\boot\spring-boot-starter-tomcat\2.1.4.RELEASE\spring-boot-starter-tomcat-2.1.4.RELEASE.jar;C:\CdriveDocs\EnvironmentSetup\m2repo\org\apache\tomcat\embed\tomcat-embed-core\9.0.17\tomcat-embed-core-9.0.17.jar;C:\CdriveDocs\EnvironmentSetup\m2repo\org\apache\tomcat\embed\tomcat-embed-el\9.0.17\tomcat-embed-el-9.0.17.jar;C:\CdriveDocs\EnvironmentSetup\m2repo\org\apache\tomcat\embed\tomcat-embed-websocket\9.0.17\tomcat-embed-websocket-9.0.17.jar;C:\CdriveDocs\EnvironmentSetup\m2repo\org\hibernate\validator\hibernate-validator\6.0.16.Final\hibernate-validator-6.0.16.Final.jar;C:\CdriveDocs\EnvironmentSetup\m2repo\javax\validation\validation-api\2.0.1.Final\validation-api-2.0.1.Final.jar;C:\CdriveDocs\EnvironmentSetup\m2repo\org\jboss\logging\jboss-logging\3.3.2.Final\jboss-logging-3.3.2.Final.jar;C:\CdriveDocs\EnvironmentSetup\m2repo\org\springframework\spring-web\5.1.6.RELEASE\spring-web-5.1.6.RELEASE.jar;C:\CdriveDocs\EnvironmentSetup\m2repo\org\springframework\spring-beans\5.1.6.RELEASE\spring-beans-5.1.6.RELEASE.jar;C:\CdriveDocs\EnvironmentSetup\m2repo\org\springframework\spring-webmvc\5.1.6.RELEASE\spring-webmvc-5.1.6.RELEASE.jar;C:\CdriveDocs\EnvironmentSetup\m2repo\org\springframework\spring-aop\5.1.6.RELEASE\spring-aop-5.1.6.RELEASE.jar;C:\CdriveDocs\EnvironmentSetup\m2repo\org\springframework\spring-context\5.1.6.RELEASE\spring-context-5.1.6.RELEASE.jar;C:\CdriveDocs\EnvironmentSetup\m2repo\org\springframework\spring-expression\5.1.6.RELEASE\spring-expression-5.1.6.RELEASE.jar;C:\CdriveDocs\EnvironmentSetup\m2repo\org\springframework\boot\spring-boot-starter-actuator\2.1.4.RELEASE\spring-boot-starter-actuator-2.1.4.RELEASE.jar;C:\CdriveDocs\EnvironmentSetup\m2repo\org\springframework\boot\spring-boot-actuator-autoconfigure\2.1.4.RELEASE\spring-boot-actuator-autoconfigure-2.1.4.RELEASE.jar;C:\CdriveDocs\EnvironmentSetup\m2repo\org\springframework\boot\spring-boot-actuator\2.1.4.RELEASE\spring-boot-actuator-2.1.4.RELEASE.jar;C:\CdriveDocs\EnvironmentSetup\m2repo\io\micrometer\micrometer-core\1.1.4\micrometer-core-1.1.4.jar;C:\CdriveDocs\EnvironmentSetup\m2repo\org\hdrhistogram\HdrHistogram\2.1.9\HdrHistogram-2.1.9.jar;C:\CdriveDocs\EnvironmentSetup\m2repo\org\latencyutils\LatencyUtils\2.0.3\LatencyUtils-2.0.3.jar;C:\CdriveDocs\EnvironmentSetup\m2repo\io\springfox\springfox-swagger2\2.6.1\springfox-swagger2-2.6.1.jar;C:\CdriveDocs\EnvironmentSetup\m2repo\io\swagger\swagger-annotations\1.5.10\swagger-annotations-1.5.10.jar;C:\CdriveDocs\EnvironmentSetup\m2repo\io\swagger\swagger-models\1.5.10\swagger-models-1.5.10.jar;C:\CdriveDocs\EnvironmentSetup\m2repo\com\fasterxml\jackson\core\jackson-annotations\2.9.0\jackson-annotations-2.9.0.jar;C:\CdriveDocs\EnvironmentSetup\m2repo\io\springfox\springfox-spi\2.6.1\springfox-spi-2.6.1.jar;C:\CdriveDocs\EnvironmentSetup\m2repo\io\springfox\springfox-core\2.6.1\springfox-core-2.6.1.jar;C:\CdriveDocs\EnvironmentSetup\m2repo\io\springfox\springfox-schema\2.6.1\springfox-schema-2.6.1.jar;C:\CdriveDocs\EnvironmentSetup\m2repo\io\springfox\springfox-swagger-common\2.6.1\springfox-swagger-common-2.6.1.jar;C:\CdriveDocs\EnvironmentSetup\m2repo\io\springfox\springfox-spring-web\2.6.1\springfox-spring-web-2.6.1.jar;C:\CdriveDocs\EnvironmentSetup\m2repo\com\google\guava\guava\18.0\guava-18.0.jar;C:\CdriveDocs\EnvironmentSetup\m2repo\com\fasterxml\classmate\1.4.0\classmate-1.4.0.jar;C:\CdriveDocs\EnvironmentSetup\m2repo\org\slf4j\slf4j-api\1.7.26\slf4j-api-1.7.26.jar;C:\CdriveDocs\EnvironmentSetup\m2repo\org\springframework\plugin\spring-plugin-core\1.2.0.RELEASE\spring-plugin-core-1.2.0.RELEASE.jar;C:\CdriveDocs\EnvironmentSetup\m2repo\org\springframework\plugin\spring-plugin-metadata\1.2.0.RELEASE\spring-plugin-metadata-1.2.0.RELEASE.jar;C:\CdriveDocs\EnvironmentSetup\m2repo\org\mapstruct\mapstruct\1.0.0.Final\mapstruct-1.0.0.Final.jar;C:\CdriveDocs\EnvironmentSetup\m2repo\io\springfox\springfox-swagger-ui\2.6.1\springfox-swagger-ui-2.6.1.jar;C:\CdriveDocs\EnvironmentSetup\m2repo\org\springframework\boot\spring-boot-starter-test\2.1.4.RELEASE\spring-boot-starter-test-2.1.4.RELEASE.jar;C:\CdriveDocs\EnvironmentSetup\m2repo\org\springframework\boot\spring-boot-test\2.1.4.RELEASE\spring-boot-test-2.1.4.RELEASE.jar;C:\CdriveDocs\EnvironmentSetup\m2repo\org\springframework\boot\spring-boot-test-autoconfigure\2.1.4.RELEASE\spring-boot-test-autoconfigure-2.1.4.RELEASE.jar;C:\CdriveDocs\EnvironmentSetup\m2repo\junit\junit\4.12\junit-4.12.jar;C:\CdriveDocs\EnvironmentSetup\m2repo\org\assertj\assertj-core\3.11.1\assertj-core-3.11.1.jar;C:\CdriveDocs\EnvironmentSetup\m2repo\org\mockito\mockito-core\2.23.4\mockito-core-2.23.4.jar;C:\CdriveDocs\EnvironmentSetup\m2repo\net\bytebuddy\byte-buddy\1.9.12\byte-buddy-1.9.12.jar;C:\CdriveDocs\EnvironmentSetup\m2repo\net\bytebuddy\byte-buddy-agent\1.9.12\byte-buddy-agent-1.9.12.jar;C:\CdriveDocs\EnvironmentSetup\m2repo\org\objenesis\objenesis\2.6\objenesis-2.6.jar;C:\CdriveDocs\EnvironmentSetup\m2repo\org\hamcrest\hamcrest-core\1.3\hamcrest-core-1.3.jar;C:\CdriveDocs\EnvironmentSetup\m2repo\org\hamcrest\hamcrest-library\1.3\hamcrest-library-1.3.jar;C:\CdriveDocs\EnvironmentSetup\m2repo\org\skyscreamer\jsonassert\1.5.0\jsonassert-1.5.0.jar;C:\CdriveDocs\EnvironmentSetup\m2repo\com\vaadin\external\google\android-json\0.0.20131108.vaadin1\android-json-0.0.20131108.vaadin1.jar;C:\CdriveDocs\EnvironmentSetup\m2repo\org\springframework\spring-core\5.1.6.RELEASE\spring-core-5.1.6.RELEASE.jar;C:\CdriveDocs\EnvironmentSetup\m2repo\org\springframework\spring-jcl\5.1.6.RELEASE\spring-jcl-5.1.6.RELEASE.jar;C:\CdriveDocs\EnvironmentSetup\m2repo\org\springframework\spring-test\5.1.6.RELEASE\spring-test-5.1.6.RELEASE.jar;C:\CdriveDocs\EnvironmentSetup\m2repo\org\xmlunit\xmlunit-core\2.6.2\xmlunit-core-2.6.2.jar;C:\CdriveDocs\EnvironmentSetup\m2repo\com\jayway\jsonpath\json-path\2.4.0\json-path-2.4.0.jar;C:\CdriveDocs\EnvironmentSetup\m2repo\net\minidev\json-smart\2.3\json-smart-2.3.jar;C:\CdriveDocs\EnvironmentSetup\m2repo\net\minidev\accessors-smart\1.2\accessors-smart-1.2.jar;C:\CdriveDocs\EnvironmentSetup\m2repo\org\ow2\asm\asm\5.0.4\asm-5.0.4.jar;C:\CdriveDocs\EnvironmentSetup\m2repo\rome\rome\1.0\rome-1.0.jar;C:\CdriveDocs\EnvironmentSetup\m2repo\jdom\jdom\1.0\jdom-1.0.jar;C:\CdriveDocs\EnvironmentSetup\m2repo\org\apache\httpcomponents\httpclient\4.5.8\httpclient-4.5.8.jar;C:\CdriveDocs\EnvironmentSetup\m2repo\org\apache\httpcomponents\httpcore\4.4.11\httpcore-4.4.11.jar;C:\CdriveDocs\EnvironmentSetup\m2repo\commons-codec\commons-codec\1.11\commons-codec-1.11.jar;C:\CdriveDocs\EnvironmentSetup\m2repo\org\samba\jcifs\jcifs\1.3.14-kohsuke-1\jcifs-1.3.14-kohsuke-1.jar;"/>
    <property name="sun.cpu.endian" value="little"/>
    <property name="user.home" value="C:\Users\H001046"/>
    <property name="user.language" value="en"/>
    <property name="java.specification.vendor" value="Oracle Corporation"/>
    <property name="java.home" value="c:\CdriveDocs\jdk\jre"/>
    <property name="basedir" value="C:\CdriveDocs\EnvironmentSetup\STS4\CDO\TechYouth\RssService"/>
    <property name="file.separator" value="\"/>
    <property name="line.separator" value="&#10;"/>
    <property name="java.vm.specification.vendor" value="Oracle Corporation"/>
    <property name="java.specification.name" value="Java Platform API Specification"/>
    <property name="java.awt.graphicsenv" value="sun.awt.Win32GraphicsEnvironment"/>
    <property name="surefire.real.class.path" value="C:\Users\H001046\AppData\Local\Temp\surefire4770628203114340406\surefirebooter4105292870566836414.jar"/>
    <property name="sun.boot.class.path" value="c:\CdriveDocs\jdk\jre\lib\resources.jar;c:\CdriveDocs\jdk\jre\lib\rt.jar;c:\CdriveDocs\jdk\jre\lib\sunrsasign.jar;c:\CdriveDocs\jdk\jre\lib\jsse.jar;c:\CdriveDocs\jdk\jre\lib\jce.jar;c:\CdriveDocs\jdk\jre\lib\charsets.jar;c:\CdriveDocs\jdk\jre\lib\jfr.jar;c:\CdriveDocs\jdk\jre\classes"/>
    <property name="user.script" value=""/>
    <property name="sun.management.compiler" value="HotSpot 64-Bit Tiered Compilers"/>
    <property name="java.runtime.version" value="1.8.0_211-b12"/>
    <property name="user.name" value="H001046"/>
    <property name="path.separator" value=";"/>
    <property name="os.version" value="10.0"/>
    <property name="java.endorsed.dirs" value="c:\CdriveDocs\jdk\jre\lib\endorsed"/>
    <property name="java.runtime.name" value="Java(TM) SE Runtime Environment"/>
    <property name="file.encoding" value="Cp1252"/>
    <property name="java.vm.name" value="Java HotSpot(TM) 64-Bit Server VM"/>
    <property name="localRepository" value="C:\CdriveDocs\EnvironmentSetup\m2repo"/>
    <property name="java.vendor.url.bug" value="http://bugreport.sun.com/bugreport/"/>
    <property name="java.io.tmpdir" value="C:\Users\H001046\AppData\Local\Temp\"/>
    <property name="java.version" value="1.8.0_211"/>
    <property name="user.dir" value="C:\CdriveDocs\EnvironmentSetup\STS4\CDO\TechYouth\RssService"/>
    <property name="os.arch" value="amd64"/>
    <property name="java.vm.specification.name" value="Java Virtual Machine Specification"/>
    <property name="java.awt.printerjob" value="sun.awt.windows.WPrinterJob"/>
    <property name="sun.os.patch.level" value=""/>
    <property name="java.library.path" value="c:\CdriveDocs\jdk\jre\bin;C:\WINDOWS\Sun\Java\bin;C:\WINDOWS\system32;C:\WINDOWS;c:\CdriveDocs\EnvironmentSetup\apache-maven-3.6.1-bin\apache-maven-3.6.1/bin;c:\CdriveDocs\jdk/bin;c:\CdriveDocs\jdk/bin;c:\CdriveDocs\jdk\bin;c:\CdriveDocs\jdk\jre\bin;C:\CdriveDocs\EnvironmentSetup\apache-maven-3.6.1-bin\apache-maven-3.6.1\bin;C:\CdriveDocs\EnvironmentSetup\DanProvided\Git-2.7.0\Git-2.7.0\bin;C:\CdriveDocs\EnvironmentSetup\DanProvided\gnu_utils\bin;C:\CdriveDocs\EnvironmentSetup\node-v10.16.2-win-x64\node-v10.16.2-win-x64;c:\CdriveDocs\jdk\bin;c:\CdriveDocs\jdk\jre\bin;C:\CdriveDocs\EnvironmentSetup\apache-maven-3.6.1-bin\apache-maven-3.6.1\bin;C:\CdriveDocs\EnvironmentSetup\DanProvided\Git-2.7.0\Git-2.7.0\bin;C:\CdriveDocs\EnvironmentSetup\DanProvided\gnu_utils\bin;C:\CdriveDocs\EnvironmentSetup\node-v10.16.2-win-x64\node-v10.16.2-win-x64;C:\Program Files (x86)\Common Files\Oracle\Java\javapath;C:\WINDOWS\system32;C:\WINDOWS;C:\WINDOWS\System32\Wbem;C:\WINDOWS\System32\WindowsPowerShell\v1.0\;C:\Program Files\1E\NomadBranch\;C:\Program Files\nodejs\;C:\Program Files\npm\;C:\Users\H001046\AppData\Local\Microsoft\WindowsApps;;C:\Users\H001046\AppData\Local\Programs\Microsoft VS Code\bin;C:\Users\H001046\AppData\Roaming\npm;."/>
    <property name="java.vm.info" value="mixed mode"/>
    <property name="java.vendor" value="Oracle Corporation"/>
    <property name="java.vm.version" value="25.211-b12"/>
    <property name="java.ext.dirs" value="c:\CdriveDocs\jdk\jre\lib\ext;C:\WINDOWS\Sun\Java\lib\ext"/>
    <property name="sun.io.unicode.encoding" value="UnicodeLittle"/>
    <property name="java.class.version" value="52.0"/>
  </properties>
  <testcase name="contextLoads" classname="com.huntington.cdo.techyouth.rssservice.RssServiceApplicationTests" time="0.306"/>
</testsuite>